<?xml version="1.0" encoding="UTF-8"?>
<testsuite name="Prueba de automatizacion de contact Us usando screenplay" tests="2" skipped="0" failures="0" errors="0" timestamp="2022-03-27T13:00:12" hostname="FORWARD-UNTO-DA" time="20.194">
  <properties/>
  <testcase name="enviar un mensaje al area de soporte con los campos requeridos" classname="Prueba de automatizacion de contact Us usando screenplay" time="11.584"/>
  <testcase name="enviar un mensaje al area de soporte con todos los campos" classname="Prueba de automatizacion de contact Us usando screenplay" time="8.61"/>
  <system-out><![CDATA[]]></system-out>
  <system-err><![CDATA[mar 27, 2022 8:00:12 AM org.openqa.selenium.remote.DesiredCapabilities chrome
INFORMACIÓN: Using `new ChromeOptions()` is preferred to `DesiredCapabilities.chrome()`
Starting ChromeDriver 99.0.4844.51 (d537ec02474b5afe23684e7963d538896c63ac77-refs/branch-heads/4844@{#875}) on port 36609
Only local connections are allowed.
Please see https://chromedriver.chromium.org/security-considerations for suggestions on keeping ChromeDriver safe.
ChromeDriver was started successfully.
mar 27, 2022 8:00:14 AM org.openqa.selenium.remote.ProtocolHandshake createSession
INFORMACIÓN: Detected dialect: W3C
mar 27, 2022 8:00:23 AM org.openqa.selenium.remote.DesiredCapabilities chrome
INFORMACIÓN: Using `new ChromeOptions()` is preferred to `DesiredCapabilities.chrome()`
Starting ChromeDriver 99.0.4844.51 (d537ec02474b5afe23684e7963d538896c63ac77-refs/branch-heads/4844@{#875}) on port 30306
Only local connections are allowed.
Please see https://chromedriver.chromium.org/security-considerations for suggestions on keeping ChromeDriver safe.
ChromeDriver was started successfully.
mar 27, 2022 8:00:24 AM org.openqa.selenium.remote.ProtocolHandshake createSession
INFORMACIÓN: Detected dialect: W3C
]]></system-err>
</testsuite>
