<?xml version="1.0" encoding="UTF-8"?>
<testsuite name="Prueba de automatizacion de contact Us usando screenplay" tests="1" skipped="0" failures="1" errors="0" timestamp="2022-03-27T02:16:12" hostname="juan-Forward-Unto-Dawn" time="7.165">
  <properties/>
  <testcase name="enviar un mensaje al area de soporte con los campos requeridos" classname="Prueba de automatizacion de contact Us usando screenplay" time="7.165">
    <failure message="java.lang.NullPointerException" type="java.lang.NullPointerException">java.lang.NullPointerException
	at net.serenitybdd.screenplay.InstrumentedTask.isInstrumented(InstrumentedTask.java:74)
	at net.serenitybdd.screenplay.Actor.shouldNotReport(Actor.java:189)
	at net.serenitybdd.screenplay.Actor.attemptsTo(Actor.java:172)
	at com.juanmaya.tasks.automationpractice.contactform.FillContactForm.performAs(FillContactForm.java:30)
	at com.juanmaya.tasks.automationpractice.contactform.FillContactForm$ByteBuddy$0Ewk0Zxr.performAs$accessor$g8kHXqfB(Unknown Source)
	at sun.reflect.NativeMethodAccessorImpl.invoke0(Native Method)
	at sun.reflect.NativeMethodAccessorImpl.invoke(NativeMethodAccessorImpl.java:62)
	at sun.reflect.DelegatingMethodAccessorImpl.invoke(DelegatingMethodAccessorImpl.java:43)
	at java.lang.reflect.Method.invoke(Method.java:498)
	at net.thucydides.core.steps.StepInterceptor.invokeMethod(StepInterceptor.java:488)
	at net.thucydides.core.steps.StepInterceptor.executeTestStepMethod(StepInterceptor.java:468)
	at net.thucydides.core.steps.StepInterceptor.runTestStep(StepInterceptor.java:441)
	at net.thucydides.core.steps.StepInterceptor.runOrSkipMethod(StepInterceptor.java:197)
	at net.thucydides.core.steps.StepInterceptor.testStepResult(StepInterceptor.java:184)
	at net.thucydides.core.steps.StepInterceptor.intercept(StepInterceptor.java:77)
	at net.thucydides.core.steps.ProxyConfiguration$InterceptorDispatcher.intercept(ProxyConfiguration.java:51)
	at com.juanmaya.tasks.automationpractice.contactform.FillContactForm$ByteBuddy$0Ewk0Zxr.performAs(Unknown Source)
	at net.serenitybdd.screenplay.Actor.performTask(Actor.java:248)
	at net.serenitybdd.screenplay.Actor.perform(Actor.java:229)
	at net.serenitybdd.screenplay.Actor.attemptsTo(Actor.java:175)
	at com.juanmaya.stepdefinitions.automationpractice.contactus.ContactUsFormStepDefinition.elSeDesplazaAlFormularioDeSoporteYLlenaLosDatosRequeridos(ContactUsFormStepDefinition.java:33)
	at ✽.El se desplaza al formulario de soporte y llena los datos requeridos(file:///home/juan/Escritorio/QASofkaWorkspace/RetoSerenityScreenplay/src/test/resources/features/automationpractice/contactUs.feature:8)
</failure>
  </testcase>
  <system-out><![CDATA[]]></system-out>
  <system-err><![CDATA[mar 26, 2022 9:16:12 PM org.openqa.selenium.remote.DesiredCapabilities chrome
INFORMACIÓN: Using `new ChromeOptions()` is preferred to `DesiredCapabilities.chrome()`
Starting ChromeDriver 99.0.4844.51 (d537ec02474b5afe23684e7963d538896c63ac77-refs/branch-heads/4844@{#875}) on port 5152
Only local connections are allowed.
Please see https://chromedriver.chromium.org/security-considerations for suggestions on keeping ChromeDriver safe.
ChromeDriver was started successfully.
mar 26, 2022 9:16:13 PM org.openqa.selenium.remote.ProtocolHandshake createSession
INFORMACIÓN: Detected dialect: W3C
]]></system-err>
</testsuite>
